<?xml version="1.0" encoding="UTF-8"?>
<!-- Generated by org.testng.reporters.JUnitReportReporter -->
<testsuite skipped="0" hostname="DESKTOP-ELFRPEH" name="com.gac.qa.testcases.ProfileSettingPageTest" tests="3" failures="0" timestamp="2021-01-19T23:45:55 IST" time="45.720" errors="0">
  <testcase name="verifyProfileSettingLabelTest" time="15.231" classname="com.gac.qa.testcases.ProfileSettingPageTest"/>
  <system-out/>
  <testcase name="clickOnChangePasswordBtnTest" time="15.402" classname="com.gac.qa.testcases.ProfileSettingPageTest"/>
  <system-out/>
  <testcase name="clickOnEditBtnTest" time="15.087" classname="com.gac.qa.testcases.ProfileSettingPageTest"/>
  <system-out/>
</testsuite> <!-- com.gac.qa.testcases.ProfileSettingPageTest -->
