<?xml version="1.0" encoding="UTF-8"?>
<!-- Generated by org.testng.reporters.JUnitReportReporter -->
<testsuite skipped="0" hostname="DESKTOP-ELFRPEH" name="com.gac.qa.testcases.EditProfileSettingPageTest" tests="3" failures="0" timestamp="2021-01-19T23:45:55 IST" time="46.599" errors="0">
  <testcase name="veifyEditLabelTest" time="14.866" classname="com.gac.qa.testcases.EditProfileSettingPageTest"/>
  <system-out/>
  <testcase name="editProfileSettingTest" time="16.271" classname="com.gac.qa.testcases.EditProfileSettingPageTest"/>
  <system-out/>
  <testcase name="editProfileSettingTest" time="15.462" classname="com.gac.qa.testcases.EditProfileSettingPageTest"/>
  <system-out/>
</testsuite> <!-- com.gac.qa.testcases.EditProfileSettingPageTest -->
