<?xml version="1.0" encoding="UTF-8"?>
<!-- Generated by org.testng.reporters.JUnitReportReporter -->
<testsuite skipped="0" hostname="DESKTOP-ELFRPEH" name="com.gac.qa.testcases.ChangePasswordPageTest" tests="3" failures="0" timestamp="2021-01-19T23:45:55 IST" time="45.545" errors="0">
  <testcase name="changePasswordTest" time="15.042" classname="com.gac.qa.testcases.ChangePasswordPageTest"/>
  <system-out/>
  <testcase name="changePasswordTest" time="15.757" classname="com.gac.qa.testcases.ChangePasswordPageTest"/>
  <system-out/>
  <testcase name="verifyChangePasswordLabelTest" time="14.746" classname="com.gac.qa.testcases.ChangePasswordPageTest"/>
  <system-out/>
</testsuite> <!-- com.gac.qa.testcases.ChangePasswordPageTest -->
