<?xml version="1.0" encoding="UTF-8"?>
<!-- Generated by org.testng.reporters.JUnitReportReporter -->
<testsuite hostname="DESKTOP-ELFRPEH" name="com.gac.qa.testcases.DashboardPageTest" tests="5" failures="0" timestamp="18 Jan 2021 18:10:08 GMT" time="67.877" errors="0">
  <testcase name="verifyDashboardPageTitleTest" time="11.949" classname="com.gac.qa.testcases.DashboardPageTest"/>
  <testcase name="verifyUserNameTest" time="13.270" classname="com.gac.qa.testcases.DashboardPageTest"/>
  <testcase name="verifyProfileSettingLinkTest" time="14.795" classname="com.gac.qa.testcases.DashboardPageTest"/>
  <testcase name="verifyCompanySettingsLinkTest" time="11.963" classname="com.gac.qa.testcases.DashboardPageTest"/>
  <testcase name="verifyLogoutTest" time="15.900" classname="com.gac.qa.testcases.DashboardPageTest"/>
</testsuite> <!-- com.gac.qa.testcases.DashboardPageTest -->
