<?xml version="1.0" encoding="UTF-8"?>
<!-- Generated by org.testng.reporters.JUnitReportReporter -->
<testsuite skipped="0" hostname="DESKTOP-ELFRPEH" name="com.gac.qa.testcases.CompanySettingsPageTest" tests="1" failures="0" timestamp="2021-01-20T10:21:35 IST" time="13.307" errors="0">
  <testcase name="verifyCompanySettingsLabelTest" time="13.307" classname="com.gac.qa.testcases.CompanySettingsPageTest"/>
  <system-out/>
</testsuite> <!-- com.gac.qa.testcases.CompanySettingsPageTest -->
