<?xml version="1.0" encoding="UTF-8"?>
<!-- Generated by org.testng.reporters.JUnitReportReporter -->
<testsuite skipped="0" hostname="DESKTOP-ELFRPEH" name="com.gac.qa.testcases.LoginPageTest" tests="3" failures="0" timestamp="2021-01-19T23:45:55 IST" time="37.618" errors="0">
  <testcase name="loginPageTitleTest" time="11.334" classname="com.gac.qa.testcases.LoginPageTest"/>
  <system-out/>
  <testcase name="validateLogo2c2pTest" time="11.942" classname="com.gac.qa.testcases.LoginPageTest"/>
  <system-out/>
  <testcase name="loginTest" time="14.342" classname="com.gac.qa.testcases.LoginPageTest"/>
  <system-out/>
</testsuite> <!-- com.gac.qa.testcases.LoginPageTest -->
