<?xml version="1.0" encoding="UTF-8"?>
<!-- Generated by org.testng.reporters.JUnitReportReporter -->
<testsuite skipped="0" hostname="DESKTOP-ELFRPEH" name="com.gac.qa.testcases.ProfileSettingPageTest" tests="3" failures="0" timestamp="2021-01-20T10:21:35 IST" time="51.962" errors="0">
  <testcase name="verifyProfileSettingLabelTest" time="16.637" classname="com.gac.qa.testcases.ProfileSettingPageTest"/>
  <system-out/>
  <testcase name="clickOnChangePasswordBtnTest" time="17.859" classname="com.gac.qa.testcases.ProfileSettingPageTest"/>
  <system-out/>
  <testcase name="clickOnEditBtnTest" time="17.466" classname="com.gac.qa.testcases.ProfileSettingPageTest"/>
  <system-out/>
</testsuite> <!-- com.gac.qa.testcases.ProfileSettingPageTest -->
