<?xml version="1.0" encoding="UTF-8"?>
<!-- Generated by org.testng.reporters.JUnitReportReporter -->
<testsuite skipped="0" hostname="DESKTOP-ELFRPEH" name="com.gac.qa.testcases.DashboardPageTest" tests="5" failures="0" timestamp="2021-01-19T23:45:55 IST" time="74.289" errors="0">
  <testcase name="verifyDashboardPageTitleTest" time="15.136" classname="com.gac.qa.testcases.DashboardPageTest"/>
  <system-out/>
  <testcase name="verifyUserNameTest" time="13.869" classname="com.gac.qa.testcases.DashboardPageTest"/>
  <system-out/>
  <testcase name="verifyProfileSettingLinkTest" time="16.039" classname="com.gac.qa.testcases.DashboardPageTest"/>
  <system-out/>
  <testcase name="verifyCompanySettingsLinkTest" time="13.319" classname="com.gac.qa.testcases.DashboardPageTest"/>
  <system-out/>
  <testcase name="verifyLogoutTest" time="15.926" classname="com.gac.qa.testcases.DashboardPageTest"/>
  <system-out/>
</testsuite> <!-- com.gac.qa.testcases.DashboardPageTest -->
