<?xml version="1.0" encoding="UTF-8"?>
<!-- Generated by org.testng.reporters.JUnitReportReporter -->
<testsuite skipped="0" hostname="DESKTOP-ELFRPEH" name="com.gac.qa.testcases.LoginPageTest" tests="3" failures="0" timestamp="2021-01-20T10:21:35 IST" time="44.460" errors="0">
  <testcase name="loginPageTitleTest" time="14.513" classname="com.gac.qa.testcases.LoginPageTest"/>
  <system-out/>
  <testcase name="validateLogo2c2pTest" time="14.221" classname="com.gac.qa.testcases.LoginPageTest"/>
  <system-out/>
  <testcase name="loginTest" time="15.726" classname="com.gac.qa.testcases.LoginPageTest"/>
  <system-out/>
</testsuite> <!-- com.gac.qa.testcases.LoginPageTest -->
