<?xml version="1.0" encoding="UTF-8"?>
<!-- Generated by org.testng.reporters.JUnitReportReporter -->
<testsuite skipped="0" hostname="DESKTOP-ELFRPEH" name="com.gac.qa.testcases.EditCompanySettingsPageTest" tests="3" failures="0" timestamp="2021-01-20T10:21:35 IST" time="56.039" errors="0">
  <testcase name="verifyCompanySettingsLabelTest" time="17.156" classname="com.gac.qa.testcases.EditCompanySettingsPageTest"/>
  <system-out/>
  <testcase name="enterCompanySettingsTest" time="18.979" classname="com.gac.qa.testcases.EditCompanySettingsPageTest"/>
  <system-out/>
  <testcase name="enterCompanySettingsTest" time="19.904" classname="com.gac.qa.testcases.EditCompanySettingsPageTest"/>
  <system-out/>
</testsuite> <!-- com.gac.qa.testcases.EditCompanySettingsPageTest -->
