<?xml version="1.0" encoding="UTF-8"?>
<!-- Generated by org.testng.reporters.JUnitReportReporter -->
<testsuite skipped="0" hostname="DESKTOP-ELFRPEH" name="com.gac.qa.testcases.EditCompanySettingsPageTest" tests="3" failures="0" timestamp="2021-01-19T23:45:55 IST" time="47.517" errors="0">
  <testcase name="verifyCompanySettingsLabelTest" time="14.544" classname="com.gac.qa.testcases.EditCompanySettingsPageTest"/>
  <system-out/>
  <testcase name="enterCompanySettingsTest" time="16.852" classname="com.gac.qa.testcases.EditCompanySettingsPageTest"/>
  <system-out/>
  <testcase name="enterCompanySettingsTest" time="16.121" classname="com.gac.qa.testcases.EditCompanySettingsPageTest"/>
  <system-out/>
</testsuite> <!-- com.gac.qa.testcases.EditCompanySettingsPageTest -->
