<?xml version="1.0" encoding="UTF-8"?>
<!-- Generated by org.testng.reporters.JUnitReportReporter -->
<testsuite hostname="DESKTOP-ELFRPEH" name="com.gac.qa.testcases.ProfileSettingPageTest" tests="3" failures="0" timestamp="18 Jan 2021 18:10:08 GMT" time="42.143" errors="0">
  <testcase name="clickOnChangePasswordBtnTest" time="12.943" classname="com.gac.qa.testcases.ProfileSettingPageTest"/>
  <testcase name="clickOnEditBtnTest" time="15.303" classname="com.gac.qa.testcases.ProfileSettingPageTest"/>
  <testcase name="verifyProfileSettingLabelTest" time="13.897" classname="com.gac.qa.testcases.ProfileSettingPageTest"/>
</testsuite> <!-- com.gac.qa.testcases.ProfileSettingPageTest -->
