<?xml version="1.0" encoding="UTF-8"?>
<!-- Generated by org.testng.reporters.JUnitReportReporter -->
<testsuite skipped="0" hostname="DESKTOP-ELFRPEH" name="com.gac.qa.testcases.DashboardPageTest" tests="5" failures="0" timestamp="2021-01-20T10:21:35 IST" time="84.610" errors="0">
  <testcase name="verifyDashboardPageTitleTest" time="11.739" classname="com.gac.qa.testcases.DashboardPageTest"/>
  <system-out/>
  <testcase name="verifyUserNameTest" time="18.435" classname="com.gac.qa.testcases.DashboardPageTest"/>
  <system-out/>
  <testcase name="verifyProfileSettingLinkTest" time="18.705" classname="com.gac.qa.testcases.DashboardPageTest"/>
  <system-out/>
  <testcase name="verifyCompanySettingsLinkTest" time="17.429" classname="com.gac.qa.testcases.DashboardPageTest"/>
  <system-out/>
  <testcase name="verifyLogoutTest" time="18.302" classname="com.gac.qa.testcases.DashboardPageTest"/>
  <system-out/>
</testsuite> <!-- com.gac.qa.testcases.DashboardPageTest -->
